#
# A fatal error has been detected by the Java Runtime Environment:
#
#  EXCEPTION_ACCESS_VIOLATION (0xc0000005) at pc=0xffffffffa36f5120, pid=167124, tid=168276
#
# JRE version: Java(TM) SE Runtime Environment (8.0_11-b12) (build 1.8.0_11-b12)
# Java VM: Java HotSpot(TM) 64-Bit Server VM (25.11-b03 mixed mode windows-amd64 compressed oops)
# Problematic frame:
# C  0xffffffffa36f5120
#
# Failed to write core dump. Minidumps are not enabled by default on client versions of Windows
#
# If you would like to submit a bug report, please visit:
#   http://bugreport.sun.com/bugreport/crash.jsp
#

---------------  T H R E A D  ---------------

Current thread (0x000000000037f800):  JavaThread "main" [_thread_in_Java, id=168276, stack(0x0000000002320000,0x0000000002420000)]

siginfo: ExceptionCode=0xc0000005, ExceptionInformation=0x0000000000000008 0xffffffffa36f5120

Registers:
RAX=0x00000000147059d8, RBX=0x00000000147059d8, RCX=0x0000000014785510, RDX=0x00000000eb16dbe0
RSP=0x000000000241ee78, RBP=0x000000000241ef78, RSI=0x0000000000000018, RDI=0x00000000eb16dbe0
R8 =0x00000000eb180ff0, R9 =0x0000000000000000, R10=0x00000000147059d8, R11=0x0000000002a8eaa0
R12=0x0000000000000000, R13=0x000000000241ef28, R14=0x000000000241efc0, R15=0x000000000037f800
RIP=0xffffffffa36f5120, EFLAGS=0x0000000000010246

Top of Stack: (sp=0x000000000241ee78)
0x000000000241ee78:   0000000002a8ec14 000000000000001b
0x000000000241ee88:   0000000070268541 00000000146e0208
0x000000000241ee98:   000000000037f800 00000000146e0208
0x000000000241eea8:   000000000241eed8 000000000241ef20
0x000000000241eeb8:   00000000026f6f70 0000000000000018
0x000000000241eec8:   00000000eb180ff0 00000000eb16dc10
0x000000000241eed8:   000000000037f800 00000000c0128018
0x000000000241eee8:   0000000054cbfdf1 0000000054809460
0x000000000241eef8:   000000000270f8ac 000000000037f800
0x000000000241ef08:   00000000000000bc 000000000241ef78
0x000000000241ef18:   00000000026f72b0 00000000026f72b0
0x000000000241ef28:   00000000eb180ff0 00000000eb16dc10
0x000000000241ef38:   000000000241ef38 0000000054cc0138
0x000000000241ef48:   000000000241efc0 0000000054cc2028
0x000000000241ef58:   0000000000000000 0000000054cc01e0
0x000000000241ef68:   000000000241ef28 000000000241efc0 

Instructions: (pc=0xffffffffa36f5120)
0xffffffffa36f5100:   
[error occurred during error reporting (printing registers, top of stack, instructions near pc), id 0xc0000005]

Register to memory mapping:

RAX=0x00000000147059d8 is an unknown value
RBX=0x00000000147059d8 is an unknown value
RCX=0x0000000014785510 is an unknown value
RDX=0x00000000eb16dbe0 is an oop
java.nio.HeapByteBuffer 
 - klass: 'java/nio/HeapByteBuffer'
RSP=0x000000000241ee78 is pointing into the stack for thread: 0x000000000037f800
RBP=0x000000000241ef78 is pointing into the stack for thread: 0x000000000037f800
RSI=0x0000000000000018 is an unknown value
RDI=0x00000000eb16dbe0 is an oop
java.nio.HeapByteBuffer 
 - klass: 'java/nio/HeapByteBuffer'
R8 =0x00000000eb180ff0 is an oop
[C 
 - klass: {type array char}
 - length: 27
R9 =0x0000000000000000 is an unknown value
R10=0x00000000147059d8 is an unknown value
R11=0x0000000002a8eaa0 is at entry_point+0 in (nmethod*)0x0000000002a8e850
R12=0x0000000000000000 is an unknown value
R13=0x000000000241ef28 is pointing into the stack for thread: 0x000000000037f800
R14=0x000000000241efc0 is pointing into the stack for thread: 0x000000000037f800
R15=0x000000000037f800 is a thread


Stack: [0x0000000002320000,0x0000000002420000],  sp=0x000000000241ee78,  free space=1019k
Native frames: (J=compiled Java code, j=interpreted, Vv=VM code, C=native code)
C  0xffffffffa36f5120


---------------  P R O C E S S  ---------------

Java Threads: ( => current thread )
  0x0000000056e58000 JavaThread "Service Thread" daemon [_thread_blocked, id=168864, stack(0x00000000562a0000,0x00000000563a0000)]
  0x0000000056df0800 JavaThread "C1 CompilerThread2" daemon [_thread_blocked, id=168092, stack(0x0000000056af0000,0x0000000056bf0000)]
  0x00000000550de800 JavaThread "C2 CompilerThread1" daemon [_thread_blocked, id=122344, stack(0x0000000056cf0000,0x0000000056df0000)]
  0x00000000550d9000 JavaThread "C2 CompilerThread0" daemon [_thread_blocked, id=168180, stack(0x00000000568f0000,0x00000000569f0000)]
  0x00000000550d7800 JavaThread "Attach Listener" daemon [_thread_blocked, id=168636, stack(0x00000000569f0000,0x0000000056af0000)]
  0x00000000550d4000 JavaThread "Signal Dispatcher" daemon [_thread_blocked, id=166468, stack(0x00000000567f0000,0x00000000568f0000)]
  0x0000000055074800 JavaThread "Finalizer" daemon [_thread_blocked, id=141120, stack(0x0000000056590000,0x0000000056690000)]
  0x000000005506b800 JavaThread "Reference Handler" daemon [_thread_blocked, id=167668, stack(0x00000000563a0000,0x00000000564a0000)]
=>0x000000000037f800 JavaThread "main" [_thread_in_Java, id=168276, stack(0x0000000002320000,0x0000000002420000)]

Other Threads:
  0x0000000055067800 VMThread [stack: 0x0000000055a70000,0x0000000055b70000] [id=168080]
  0x0000000056e5c000 WatcherThread [stack: 0x00000000572d0000,0x00000000573d0000] [id=168892]

VM state:not at safepoint (normal execution)

VM Mutex/Monitor currently owned by a thread: None

Heap:
 PSYoungGen      total 9216K, used 8336K [0x00000000eab00000, 0x00000000eb600000, 0x0000000100000000)
  eden space 7168K, 93% used [0x00000000eab00000,0x00000000eb1898d0,0x00000000eb200000)
  from space 2048K, 80% used [0x00000000eb400000,0x00000000eb59a960,0x00000000eb600000)
  to   space 2048K, 0% used [0x00000000eb200000,0x00000000eb200000,0x00000000eb400000)
 ParOldGen       total 260608K, used 2355K [0x00000000c0000000, 0x00000000cfe80000, 0x00000000eab00000)
  object space 260608K, 0% used [0x00000000c0000000,0x00000000c024ce38,0x00000000cfe80000)
 Metaspace       used 5754K, capacity 6840K, committed 7168K, reserved 1056768K
  class space    used 641K, capacity 688K, committed 768K, reserved 1048576K

Card table byte_map: [0x0000000011ab0000,0x0000000011cc0000] byte_map_base: 0x00000000114b0000

Marking Bits: (ParMarkBitMap*) 0x00000000708f12b0
 Begin Bits: [0x00000000124e0000, 0x00000000134e0000)
 End Bits:   [0x00000000134e0000, 0x00000000144e0000)

Polling page: 0x0000000000230000

CodeCache: size=245760Kb used=3733Kb max_used=3733Kb free=242026Kb
 bounds [0x00000000026f0000, 0x0000000002aa0000, 0x00000000116f0000]
 total_blobs=1377 nmethods=1106 adapters=186
 compilation: enabled

Compilation events (10 events):
Event: 0.509 Thread 0x0000000056df0800 nmethod 1087 0x0000000002a90c10 code [0x0000000002a90d60, 0x0000000002a90e50]
Event: 0.509 Thread 0x0000000056df0800 1095       3       com.android.dex.Dex$Section::getPosition (8 bytes)
Event: 0.509 Thread 0x0000000056df0800 nmethod 1095 0x0000000002a90ed0 code [0x0000000002a91020, 0x0000000002a91210]
Event: 0.509 Thread 0x0000000056df0800 1096       3       java.nio.Buffer::nextPutIndex (31 bytes)
Event: 0.509 Thread 0x00000000550d9000 1100       4       java.nio.HeapByteBuffer::get (14 bytes)
Event: 0.509 Thread 0x0000000056df0800 nmethod 1096 0x0000000002a912d0 code [0x0000000002a91440, 0x0000000002a91648]
Event: 0.509 Thread 0x0000000056df0800 1098       3       com.android.dex.Mutf8::countBytes (98 bytes)
Event: 0.509 Thread 0x0000000056df0800 nmethod 1098 0x0000000002a91710 code [0x0000000002a918c0, 0x0000000002a91fb8]
Event: 0.509 Thread 0x0000000056df0800 1099       3       com.android.dex.Mutf8::encode (153 bytes)
Event: 0.510 Thread 0x00000000550d9000 nmethod 1100 0x0000000002a94fd0 code [0x0000000002a95100, 0x0000000002a951b8]

GC Heap History (10 events):
Event: 0.119 GC heap before
{Heap before GC invocations=4 (full 0):
 PSYoungGen      total 1536K, used 1532K [0x00000000eab00000, 0x00000000eae00000, 0x0000000100000000)
  eden space 1024K, 100% used [0x00000000eab00000,0x00000000eac00000,0x00000000eac00000)
  from space 512K, 99% used [0x00000000eac00000,0x00000000eac7f130,0x00000000eac80000)
  to   space 512K, 0% used [0x00000000ead80000,0x00000000ead80000,0x00000000eae00000)
 ParOldGen       total 260608K, used 544K [0x00000000c0000000, 0x00000000cfe80000, 0x00000000eab00000)
  object space 260608K, 0% used [0x00000000c0000000,0x00000000c0088330,0x00000000cfe80000)
 Metaspace       used 3254K, capacity 4880K, committed 5120K, reserved 1056768K
  class space    used 381K, capacity 456K, committed 512K, reserved 1048576K
Event: 0.122 GC heap after
Heap after GC invocations=4 (full 0):
 PSYoungGen      total 2560K, used 467K [0x00000000eab00000, 0x00000000eae00000, 0x0000000100000000)
  eden space 2048K, 0% used [0x00000000eab00000,0x00000000eab00000,0x00000000ead00000)
  from space 512K, 91% used [0x00000000ead80000,0x00000000eadf4e50,0x00000000eae00000)
  to   space 512K, 0% used [0x00000000ead00000,0x00000000ead00000,0x00000000ead80000)
 ParOldGen       total 260608K, used 1177K [0x00000000c0000000, 0x00000000cfe80000, 0x00000000eab00000)
  object space 260608K, 0% used [0x00000000c0000000,0x00000000c0126740,0x00000000cfe80000)
 Metaspace       used 3254K, capacity 4880K, committed 5120K, reserved 1056768K
  class space    used 381K, capacity 456K, committed 512K, reserved 1048576K
}
Event: 0.144 GC heap before
{Heap before GC invocations=5 (full 0):
 PSYoungGen      total 2560K, used 2515K [0x00000000eab00000, 0x00000000eae00000, 0x0000000100000000)
  eden space 2048K, 100% used [0x00000000eab00000,0x00000000ead00000,0x00000000ead00000)
  from space 512K, 91% used [0x00000000ead80000,0x00000000eadf4e50,0x00000000eae00000)
  to   space 512K, 0% used [0x00000000ead00000,0x00000000ead00000,0x00000000ead80000)
 ParOldGen       total 260608K, used 1184K [0x00000000c0000000, 0x00000000cfe80000, 0x00000000eab00000)
  object space 260608K, 0% used [0x00000000c0000000,0x00000000c0128018,0x00000000cfe80000)
 Metaspace       used 3538K, capacity 5104K, committed 5376K, reserved 1056768K
  class space    used 425K, capacity 488K, committed 512K, reserved 1048576K
Event: 0.146 GC heap after
Heap after GC invocations=5 (full 0):
 PSYoungGen      total 2560K, used 506K [0x00000000eab00000, 0x00000000eb200000, 0x0000000100000000)
  eden space 2048K, 0% used [0x00000000eab00000,0x00000000eab00000,0x00000000ead00000)
  from space 512K, 98% used [0x00000000ead00000,0x00000000ead7e958,0x00000000ead80000)
  to   space 1536K, 0% used [0x00000000eb080000,0x00000000eb080000,0x00000000eb200000)
 ParOldGen       total 260608K, used 2039K [0x00000000c0000000, 0x00000000cfe80000, 0x00000000eab00000)
  object space 260608K, 0% used [0x00000000c0000000,0x00000000c01fdf18,0x00000000cfe80000)
 Metaspace       used 3538K, capacity 5104K, committed 5376K, reserved 1056768K
  class space    used 425K, capacity 488K, committed 512K, reserved 1048576K
}
Event: 0.207 GC heap before
{Heap before GC invocations=6 (full 0):
 PSYoungGen      total 2560K, used 2553K [0x00000000eab00000, 0x00000000eb200000, 0x0000000100000000)
  eden space 2048K, 99% used [0x00000000eab00000,0x00000000eacffe00,0x00000000ead00000)
  from space 512K, 98% used [0x00000000ead00000,0x00000000ead7e958,0x00000000ead80000)
  to   space 1536K, 0% used [0x00000000eb080000,0x00000000eb080000,0x00000000eb200000)
 ParOldGen       total 260608K, used 2039K [0x00000000c0000000, 0x00000000cfe80000, 0x00000000eab00000)
  object space 260608K, 0% used [0x00000000c0000000,0x00000000c01fdf18,0x00000000cfe80000)
 Metaspace       used 4259K, capacity 5680K, committed 6016K, reserved 1056768K
  class space    used 509K, capacity 552K, committed 640K, reserved 1048576K
Event: 0.209 GC heap after
Heap after GC invocations=6 (full 0):
 PSYoungGen      total 5120K, used 1226K [0x00000000eab00000, 0x00000000eb300000, 0x0000000100000000)
  eden space 3584K, 0% used [0x00000000eab00000,0x00000000eab00000,0x00000000eae80000)
  from space 1536K, 79% used [0x00000000eb080000,0x00000000eb1b2a40,0x00000000eb200000)
  to   space 2048K, 0% used [0x00000000eae80000,0x00000000eae80000,0x00000000eb080000)
 ParOldGen       total 260608K, used 2047K [0x00000000c0000000, 0x00000000cfe80000, 0x00000000eab00000)
  object space 260608K, 0% used [0x00000000c0000000,0x00000000c01fff18,0x00000000cfe80000)
 Metaspace       used 4259K, capacity 5680K, committed 6016K, reserved 1056768K
  class space    used 509K, capacity 552K, committed 640K, reserved 1048576K
}
Event: 0.283 GC heap before
{Heap before GC invocations=7 (full 0):
 PSYoungGen      total 5120K, used 4810K [0x00000000eab00000, 0x00000000eb300000, 0x0000000100000000)
  eden space 3584K, 100% used [0x00000000eab00000,0x00000000eae80000,0x00000000eae80000)
  from space 1536K, 79% used [0x00000000eb080000,0x00000000eb1b2a40,0x00000000eb200000)
  to   space 2048K, 0% used [0x00000000eae80000,0x00000000eae80000,0x00000000eb080000)
 ParOldGen       total 260608K, used 2047K [0x00000000c0000000, 0x00000000cfe80000, 0x00000000eab00000)
  object space 260608K, 0% used [0x00000000c0000000,0x00000000c01fff18,0x00000000cfe80000)
 Metaspace       used 4805K, capacity 6192K, committed 6272K, reserved 1056768K
  class space    used 561K, capacity 616K, committed 640K, reserved 1048576K
Event: 0.286 GC heap after
Heap after GC invocations=7 (full 0):
 PSYoungGen      total 5632K, used 1594K [0x00000000eab00000, 0x00000000eb600000, 0x0000000100000000)
  eden space 3584K, 0% used [0x00000000eab00000,0x00000000eab00000,0x00000000eae80000)
  from space 2048K, 77% used [0x00000000eae80000,0x00000000eb00eb20,0x00000000eb080000)
  to   space 2048K, 0% used [0x00000000eb400000,0x00000000eb400000,0x00000000eb600000)
 ParOldGen       total 260608K, used 2231K [0x00000000c0000000, 0x00000000cfe80000, 0x00000000eab00000)
  object space 260608K, 0% used [0x00000000c0000000,0x00000000c022df58,0x00000000cfe80000)
 Metaspace       used 4805K, capacity 6192K, committed 6272K, reserved 1056768K
  class space    used 561K, capacity 616K, committed 640K, reserved 1048576K
}
Event: 0.345 GC heap before
{Heap before GC invocations=8 (full 0):
 PSYoungGen      total 5632K, used 5178K [0x00000000eab00000, 0x00000000eb600000, 0x0000000100000000)
  eden space 3584K, 100% used [0x00000000eab00000,0x00000000eae80000,0x00000000eae80000)
  from space 2048K, 77% used [0x00000000eae80000,0x00000000eb00eb20,0x00000000eb080000)
  to   space 2048K, 0% used [0x00000000eb400000,0x00000000eb400000,0x00000000eb600000)
 ParOldGen       total 260608K, used 2231K [0x00000000c0000000, 0x00000000cfe80000, 0x00000000eab00000)
  object space 260608K, 0% used [0x00000000c0000000,0x00000000c022df58,0x00000000cfe80000)
 Metaspace       used 4971K, capacity 6320K, committed 6528K, reserved 1056768K
  class space    used 564K, capacity 616K, committed 640K, reserved 1048576K
Event: 0.358 GC heap after
Heap after GC invocations=8 (full 0):
 PSYoungGen      total 9216K, used 1642K [0x00000000eab00000, 0x00000000eb600000, 0x0000000100000000)
  eden space 7168K, 0% used [0x00000000eab00000,0x00000000eab00000,0x00000000eb200000)
  from space 2048K, 80% used [0x00000000eb400000,0x00000000eb59a960,0x00000000eb600000)
  to   space 2048K, 0% used [0x00000000eb200000,0x00000000eb200000,0x00000000eb400000)
 ParOldGen       total 260608K, used 2355K [0x00000000c0000000, 0x00000000cfe80000, 0x00000000eab00000)
  object space 260608K, 0% used [0x00000000c0000000,0x00000000c024ce38,0x00000000cfe80000)
 Metaspace       used 4971K, capacity 6320K, committed 6528K, reserved 1056768K
  class space    used 564K, capacity 616K, committed 640K, reserved 1048576K
}

Deoptimization events (10 events):
Event: 0.436 Thread 0x000000000037f800 Uncommon trap: reason=bimorphic action=maybe_recompile pc=0x00000000028b8fe8 method=java.util.HashMap.getNode(ILjava/lang/Object;)Ljava/util/HashMap$Node; @ 126
Event: 0.451 Thread 0x000000000037f800 Uncommon trap: reason=class_check action=maybe_recompile pc=0x00000000029932b8 method=java.util.Arrays.equals([Ljava/lang/Object;[Ljava/lang/Object;)Z @ 62
Event: 0.451 Thread 0x000000000037f800 Uncommon trap: reason=class_check action=maybe_recompile pc=0x00000000029932b8 method=java.util.Arrays.equals([Ljava/lang/Object;[Ljava/lang/Object;)Z @ 62
Event: 0.451 Thread 0x000000000037f800 Uncommon trap: reason=class_check action=maybe_recompile pc=0x00000000029932b8 method=java.util.Arrays.equals([Ljava/lang/Object;[Ljava/lang/Object;)Z @ 62
Event: 0.451 Thread 0x000000000037f800 Uncommon trap: reason=class_check action=maybe_recompile pc=0x00000000029932b8 method=java.util.Arrays.equals([Ljava/lang/Object;[Ljava/lang/Object;)Z @ 62
Event: 0.482 Thread 0x000000000037f800 Uncommon trap: reason=unreached action=reinterpret pc=0x00000000029d109c method=java.util.Arrays.copyOf([Ljava/lang/Object;ILjava/lang/Class;)[Ljava/lang/Object; @ 3
Event: 0.482 Thread 0x000000000037f800 Uncommon trap: reason=class_check action=maybe_recompile pc=0x0000000002a08a58 method=java.util.HashMap.putVal(ILjava/lang/Object;Ljava/lang/Object;ZZ)Ljava/lang/Object; @ 56
Event: 0.483 Thread 0x000000000037f800 Uncommon trap: reason=class_check action=maybe_recompile pc=0x0000000002a08aac method=java.util.HashMap.putVal(ILjava/lang/Object;Ljava/lang/Object;ZZ)Ljava/lang/Object; @ 152
Event: 0.483 Thread 0x000000000037f800 Uncommon trap: reason=class_check action=maybe_recompile pc=0x0000000002a08a58 method=java.util.HashMap.putVal(ILjava/lang/Object;Ljava/lang/Object;ZZ)Ljava/lang/Object; @ 56
Event: 0.483 Thread 0x000000000037f800 Uncommon trap: reason=class_check action=maybe_recompile pc=0x0000000002a08a58 method=java.util.HashMap.putVal(ILjava/lang/Object;Ljava/lang/Object;ZZ)Ljava/lang/Object; @ 56

Internal exceptions (2 events):
Event: 0.030 Thread 0x000000000037f800 Exception <a 'java/lang/NoSuchMethodError': Method sun.misc.Unsafe.defineClass(Ljava/lang/String;[BII)Ljava/lang/Class; name or signature does not match> (0x00000000eab0f6e8) thrown at [C:\re\workspace\8-2-build-windows-amd64-cygwin\jdk8u11\648\hotspot\srcä¿“"aû?
Event: 0.030 Thread 0x000000000037f800 Exception <a 'java/lang/NoSuchMethodError': Method sun.misc.Unsafe.prefetchRead(Ljava/lang/Object;J)V name or signature does not match> (0x00000000eab0f9e8) thrown at [C:\re\workspace\8-2-build-windows-amd64-cygwin\jdk8u11\648\hotspot\src\share\vm\prims\jn

Events (10 events):
Event: 0.504 loading class com/android/dx/merge/InstructionTransformer$FieldVisitor
Event: 0.504 loading class com/android/dx/merge/InstructionTransformer$FieldVisitor done
Event: 0.504 loading class com/android/dx/merge/InstructionTransformer$MethodVisitor
Event: 0.504 loading class com/android/dx/merge/InstructionTransformer$MethodVisitor done
Event: 0.505 loading class com/android/dx/merge/DexMerger$1
Event: 0.505 loading class com/android/dx/merge/DexMerger$1 done
Event: 0.505 loading class com/android/dx/merge/DexMerger$IdMerger
Event: 0.505 loading class com/android/dx/merge/DexMerger$IdMerger done
Event: 0.505 loading class com/android/dex/Mutf8
Event: 0.505 loading class com/android/dex/Mutf8 done


Dynamic libraries:
0x000000013fc70000 - 0x000000013fca4000 	C:\Windows\system32\java.exe
0x0000000077630000 - 0x00000000777d9000 	C:\Windows\SYSTEM32\ntdll.dll
0x0000000077410000 - 0x000000007752f000 	C:\Windows\system32\kernel32.dll
0x000007fefd570000 - 0x000007fefd5dc000 	C:\Windows\system32\KERNELBASE.dll
0x000007fefeab0000 - 0x000007fefeb8b000 	C:\Windows\system32\ADVAPI32.dll
0x000007fefe7c0000 - 0x000007fefe85f000 	C:\Windows\system32\msvcrt.dll
0x000007fefda10000 - 0x000007fefda2f000 	C:\Windows\SYSTEM32\sechost.dll
0x000007fefd840000 - 0x000007fefd96d000 	C:\Windows\system32\RPCRT4.dll
0x0000000077530000 - 0x000000007762a000 	C:\Windows\system32\USER32.dll
0x000007fefefb0000 - 0x000007feff017000 	C:\Windows\system32\GDI32.dll
0x000007fefd830000 - 0x000007fefd83e000 	C:\Windows\system32\LPK.dll
0x000007fefe980000 - 0x000007fefea49000 	C:\Windows\system32\USP10.dll
0x000007fefbd10000 - 0x000007fefbf04000 	C:\Windows\WinSxS\amd64_microsoft.windows.common-controls_6595b64144ccf1df_6.0.7601.17514_none_fa396087175ac9ac\COMCTL32.dll
0x000007feff510000 - 0x000007feff581000 	C:\Windows\system32\SHLWAPI.dll
0x000007fefd800000 - 0x000007fefd82e000 	C:\Windows\system32\IMM32.DLL
0x000007fefe860000 - 0x000007fefe969000 	C:\Windows\system32\MSCTF.dll
0x0000000055b70000 - 0x0000000055c42000 	C:\Program Files\Java\jre8\bin\msvcr100.dll
0x0000000070140000 - 0x000000007096a000 	C:\Program Files\Java\jre8\bin\server\jvm.dll
0x000007fef7930000 - 0x000007fef7939000 	C:\Windows\system32\WSOCK32.dll
0x000007feff4c0000 - 0x000007feff50d000 	C:\Windows\system32\WS2_32.dll
0x000007fefe970000 - 0x000007fefe978000 	C:\Windows\system32\NSI.dll
0x000007fef9740000 - 0x000007fef977b000 	C:\Windows\system32\WINMM.dll
0x0000000077800000 - 0x0000000077807000 	C:\Windows\system32\PSAPI.DLL
0x0000000056c00000 - 0x0000000056c0f000 	C:\Program Files\Java\jre8\bin\verify.dll
0x0000000055de0000 - 0x0000000055e08000 	C:\Program Files\Java\jre8\bin\java.dll
0x0000000055dc0000 - 0x0000000055dd6000 	C:\Program Files\Java\jre8\bin\zip.dll
0x000007fefda30000 - 0x000007fefe7b8000 	C:\Windows\system32\SHELL32.dll
0x000007feff690000 - 0x000007feff893000 	C:\Windows\system32\ole32.dll
0x000007fefd440000 - 0x000007fefd44f000 	C:\Windows\system32\profapi.dll
0x000007fef7240000 - 0x000007fef7365000 	C:\Windows\system32\dbghelp.dll

VM Arguments:
jvm_args: -Xmx1024M -Xss1m -Djava.ext.dirs=C:\Program Files (x86)\Android\android-studio\sdk\build-tools\android-4.4W\lib 
java_command: C:\Program Files (x86)\Android\android-studio\sdk\build-tools\android-4.4W\lib\dx.jar --dex --num-threads 4 --output C:\Users\ERJ\AndroidstudioProjects\LightningDots_Free\app\build\intermediates\dex\debug C:\Users\ERJ\AndroidstudioProjects\LightningDots_Free\app\build\intermediates\classes\debug C:\Users\ERJ\AndroidstudioProjects\LightningDots_Free\app\build\intermediates\dependency-cache\debug C:\Users\ERJ\AndroidstudioProjects\LightningDots_Free\app\build\intermediates\pre-dexed\debug\classes-4dbd93727b53c0ec88c640a28253afc813d08866.jar C:\Users\ERJ\AndroidstudioProjects\LightningDots_Free\app\build\intermediates\pre-dexed\debug\internal_impl-20.0.0-61d7c7e890f9cb029fcf633bd967df5e790d2b8f.jar C:\Users\ERJ\AndroidstudioProjects\LightningDots_Free\app\build\intermediates\pre-dexed\debug\support-annotations-20.0.0-79e42da7c2657068d681cf877be8b4cc06e3cb7a.jar
java_class_path (initial): C:\Program Files (x86)\Android\android-studio\sdk\build-tools\android-4.4W\lib\dx.jar
Launcher Type: SUN_STANDARD

Environment Variables:
PATH=C:\Program Files (x86)\NVIDIA Corporation\PhysX\Common;C:\Program Files\Python\Python33\;C:\Python27\Lib\site-packages\PyQt4;C:\Program Files\Common Files\Microsoft Shared\Windows Live;C:\Program Files (x86)\Common Files\Microsoft Shared\Windows Live;C:\texmf\miktex\bin;C:\Windows\system32;C:\Windows;C:\Windows\System32\Wbem;c:\Program Files (x86)\Microsoft SQL Server\100\Tools\Binn\;c:\Program Files (x86)\Microsoft SQL Server\100\DTS\Binn\;C:\Program Files (x86)\Common Files\DivX Shared\;C:\Windows\System32\WindowsPowerShell\v1.0\;C:\Program Files (x86)\Windows Live\Shared;C:\Program Files (x86)\MySQL\MySQL Server 5.5\bin;C:\Program Files (x86)\CMake 2.8\bin;C:\Python27;C:\Python27\DLLs;C:\Python27\Scripts;C:\Python27\Lib\site-packages\vtk;C:\Python27\gnuplot\binary;C:\Python27\Lib\site-packages\osgeo;C:\Program Files (x86)\pythonxy\SciTE-3.2.2-1;C:\Program Files (x86)\pythonxy\console;C:\MinGW32-xy\bin;C:\Program Files (x86)\pythonxy\swig;C:\Program Files (x86)\pythonxy\gettext\bin;C:\QSTK\Bin;C:\Program Files (x86)\QuickTime\QTSystem\
USERNAME=ERJ
OS=Windows_NT
PROCESSOR_IDENTIFIER=Intel64 Family 6 Model 23 Stepping 7, GenuineIntel



---------------  S Y S T E M  ---------------

OS: Windows 7 , 64 bit Build 7601 Service Pack 1

CPU:total 4 (4 cores per cpu, 1 threads per core) family 6 model 23 stepping 7, cmov, cx8, fxsr, mmx, sse, sse2, sse3, ssse3, sse4.1, tsc

Memory: 4k page, physical 16775720k(9894568k free), swap 33549576k(25594724k free)

vm_info: Java HotSpot(TM) 64-Bit Server VM (25.11-b03) for windows-amd64 JRE (1.8.0_11-b12), built on Jun 16 2014 20:57:32 by "java_re" with MS VC++ 10.0 (VS2010)

time: Sat Sep 13 10:20:49 2014
elapsed time: 0 seconds

