#
# A fatal error has been detected by the Java Runtime Environment:
#
#  EXCEPTION_ACCESS_VIOLATION (0xc0000005) at pc=0xffffffffa38c5120, pid=121052, tid=121784
#
# JRE version: Java(TM) SE Runtime Environment (8.0_25-b18) (build 1.8.0_25-b18)
# Java VM: Java HotSpot(TM) 64-Bit Server VM (25.25-b02 mixed mode windows-amd64 compressed oops)
# Problematic frame:
# C  0xffffffffa38c5120
#
# Failed to write core dump. Minidumps are not enabled by default on client versions of Windows
#
# If you would like to submit a bug report, please visit:
#   http://bugreport.sun.com/bugreport/crash.jsp
#

---------------  T H R E A D  ---------------

Current thread (0x0000000056a76800):  JavaThread "pool-1-thread-3" [_thread_in_Java, id=121784, stack(0x0000000057650000,0x0000000057750000)]

siginfo: ExceptionCode=0xc0000005, ExceptionInformation=0x0000000000000008 0xffffffffa38c5120

Registers:
RAX=0x0000000054995f40, RBX=0x000000000000047d, RCX=0x00000000eb2693d0, RDX=0x00000000eb2693d0
RSP=0x000000005774e858, RBP=0x000000005774e970, RSI=0x00000000eb2693d0, RDI=0x0000000054ac2ba0
R8 =0x000000000000001d, R9 =0x00000000eb269400, R10=0x000000005e536260, R11=0x0000000002a3c7e0
R12=0x0000000000000000, R13=0x000000005774e920, R14=0x0000000000000000, R15=0x0000000056a76800
RIP=0xffffffffa38c5120, EFLAGS=0x0000000000010206

Top of Stack: (sp=0x000000005774e858)
0x000000005774e858:   0000000002a3c88c 00000000548dd520
0x000000005774e868:   000000005774e8b0 0000000000000000
0x000000005774e878:   00000000eb269400 00000000548dd528
0x000000005774e888:   0000000000000000 000000005774e908
0x000000005774e898:   00000000028c7a01 00000000028c7a01
0x000000005774e8a8:   0000000000000003 00000000eb25feb0
0x000000005774e8b8:   0000000000000001 0000000000000000
0x000000005774e8c8:   000000000000001d 00000000eb2693d0
0x000000005774e8d8:   000000005774e928 00000000548dd6d0
0x000000005774e8e8:   0000000054af0ff8 00000000548dd480
0x000000005774e8f8:   0000000000000000 000000005774e970
0x000000005774e908:   00000000028c71e0 000000005774e970
0x000000005774e918:   00000000028c71e0 000000000000001d
0x000000005774e928:   00000000eb2693d0 000000005774e930
0x000000005774e938:   0000000054d03095 000000005774e9b8
0x000000005774e948:   0000000054d061e0 0000000000000000 

Instructions: (pc=0xffffffffa38c5120)
0xffffffffa38c5100:   
[error occurred during error reporting (printing registers, top of stack, instructions near pc), id 0xc0000005]

Register to memory mapping:

RAX={method} {0x0000000054995f48} 'get' '(I)Z' in 'java/util/BitSet'
RBX=0x000000000000047d is an unknown value
RCX=0x00000000eb2693d0 is an oop
java.util.BitSet 
 - klass: 'java/util/BitSet'
RDX=0x00000000eb2693d0 is an oop
java.util.BitSet 
 - klass: 'java/util/BitSet'
RSP=0x000000005774e858 is pointing into the stack for thread: 0x0000000056a76800
RBP=0x000000005774e970 is pointing into the stack for thread: 0x0000000056a76800
RSI=0x00000000eb2693d0 is an oop
java.util.BitSet 
 - klass: 'java/util/BitSet'
RDI=0x0000000054ac2ba0 is pointing into metadata
R8 =0x000000000000001d is an unknown value
R9 =0x00000000eb269400 is an oop
java.util.Stack 
 - klass: 'java/util/Stack'
R10=0x000000005e536260 is an unknown value
R11=0x0000000002a3c7e0 is at entry_point+32 in (nmethod*)0x0000000002a3c5d0
R12=0x0000000000000000 is an unknown value
R13=0x000000005774e920 is pointing into the stack for thread: 0x0000000056a76800
R14=0x0000000000000000 is an unknown value
R15=0x0000000056a76800 is a thread


Stack: [0x0000000057650000,0x0000000057750000],  sp=0x000000005774e858,  free space=1018k
Native frames: (J=compiled Java code, j=interpreted, Vv=VM code, C=native code)
C  0xffffffffa38c5120


---------------  P R O C E S S  ---------------

Java Threads: ( => current thread )
  0x0000000056a61800 JavaThread "pool-1-thread-4" [_thread_in_Java, id=114416, stack(0x0000000057850000,0x0000000057950000)]
=>0x0000000056a76800 JavaThread "pool-1-thread-3" [_thread_in_Java, id=121784, stack(0x0000000057650000,0x0000000057750000)]
  0x0000000056a7d800 JavaThread "pool-1-thread-2" [_thread_in_Java, id=124064, stack(0x0000000057550000,0x0000000057650000)]
  0x0000000056a66800 JavaThread "pool-1-thread-1" [_thread_in_Java, id=124616, stack(0x0000000057450000,0x0000000057550000)]
  0x00000000569e2000 JavaThread "Service Thread" daemon [_thread_blocked, id=124324, stack(0x0000000057120000,0x0000000057220000)]
  0x000000005522f800 JavaThread "C1 CompilerThread2" daemon [_thread_blocked, id=124432, stack(0x0000000056ec0000,0x0000000056fc0000)]
  0x000000005522d800 JavaThread "C2 CompilerThread1" daemon [_thread_blocked, id=122348, stack(0x0000000056640000,0x0000000056740000)]
  0x000000005522b800 JavaThread "C2 CompilerThread0" daemon [_thread_blocked, id=122196, stack(0x0000000056870000,0x0000000056970000)]
  0x0000000055226800 JavaThread "Attach Listener" daemon [_thread_blocked, id=123108, stack(0x0000000056740000,0x0000000056840000)]
  0x0000000055225000 JavaThread "Signal Dispatcher" daemon [_thread_blocked, id=122948, stack(0x00000000563f0000,0x00000000564f0000)]
  0x00000000551c5000 JavaThread "Finalizer" daemon [_thread_blocked, id=124636, stack(0x00000000564f0000,0x00000000565f0000)]
  0x00000000551bc000 JavaThread "Reference Handler" daemon [_thread_blocked, id=8876, stack(0x00000000562a0000,0x00000000563a0000)]
  0x000000000036f800 JavaThread "main" [_thread_blocked, id=124208, stack(0x00000000024f0000,0x00000000025f0000)]

Other Threads:
  0x00000000551b8800 VMThread [stack: 0x00000000560d0000,0x00000000561d0000] [id=124144]
  0x00000000569e3000 WatcherThread [stack: 0x0000000057310000,0x0000000057410000] [id=124688]

VM state:not at safepoint (normal execution)

VM Mutex/Monitor currently owned by a thread: None

Heap:
 PSYoungGen      total 76288K, used 14422K [0x00000000eab00000, 0x00000000f0000000, 0x0000000100000000)
  eden space 65536K, 22% used [0x00000000eab00000,0x00000000eb915a78,0x00000000eeb00000)
  from space 10752K, 0% used [0x00000000ef580000,0x00000000ef580000,0x00000000f0000000)
  to   space 10752K, 0% used [0x00000000eeb00000,0x00000000eeb00000,0x00000000ef580000)
 ParOldGen       total 175104K, used 0K [0x00000000c0000000, 0x00000000cab00000, 0x00000000eab00000)
  object space 175104K, 0% used [0x00000000c0000000,0x00000000c0000000,0x00000000cab00000)
 Metaspace       used 4758K, capacity 6128K, committed 6272K, reserved 1056768K
  class space    used 555K, capacity 616K, committed 640K, reserved 1048576K

Card table byte_map: [0x0000000011c80000,0x0000000011e90000] byte_map_base: 0x0000000011680000

Marking Bits: (ParMarkBitMap*) 0x000000005e54d490
 Begin Bits: [0x0000000012630000, 0x0000000013630000)
 End Bits:   [0x0000000013630000, 0x0000000014630000)

Polling page: 0x0000000000130000

CodeCache: size=245760Kb used=1756Kb max_used=1756Kb free=244003Kb
 bounds [0x00000000028c0000, 0x0000000002b30000, 0x00000000118c0000]
 total_blobs=656 nmethods=394 adapters=177
 compilation: enabled

Compilation events (10 events):
Event: 0.238 Thread 0x000000005522f800 nmethod 370 0x0000000002a70290 code [0x0000000002a703e0, 0x0000000002a704f0]
Event: 0.238 Thread 0x000000005522f800  378       1       com.android.dx.ssa.SsaBasicBlock::getPrimarySuccessorIndex (5 bytes)
Event: 0.238 Thread 0x000000005522f800 nmethod 378 0x0000000002a6ffd0 code [0x0000000002a70120, 0x0000000002a70230]
Event: 0.238 Thread 0x000000005522f800  377       1       com.android.dx.rop.code.CstInsn::getConstant (5 bytes)
Event: 0.238 Thread 0x000000005522f800 nmethod 377 0x0000000002a6fd10 code [0x0000000002a6fe60, 0x0000000002a6ff70]
Event: 0.238 Thread 0x000000005522f800  387  s    3       java.util.Vector::removeElementAt (115 bytes)
Event: 0.239 Thread 0x000000005522d800  392       4       java.util.BitSet::checkInvariants (111 bytes)
Event: 0.239 Thread 0x000000005522f800 nmethod 387 0x0000000002a73e50 code [0x0000000002a74080, 0x0000000002a74e48]
Event: 0.239 Thread 0x000000005522f800  393       3       java.util.BitSet::cardinality (32 bytes)
Event: 0.239 Thread 0x000000005522d800 nmethod 392 0x0000000002a76bd0 code [0x0000000002a76d00, 0x0000000002a76d58]

GC Heap History (0 events):
No events

Deoptimization events (0 events):
No events

Internal exceptions (2 events):
Event: 0.027 Thread 0x000000000036f800 Exception <a 'java/lang/NoSuchMethodError': Method sun.misc.Unsafe.defineClass(Ljava/lang/String;[BII)Ljava/lang/Class; name or signature does not match> (0x00000000eab0cf58) thrown at [D:\re\workspace\8-2-build-windows-amd64-cygwin\jdk8u25\1677\hotspot\sr`‹Ä²7œ?
Event: 0.027 Thread 0x000000000036f800 Exception <a 'java/lang/NoSuchMethodError': Method sun.misc.Unsafe.prefetchRead(Ljava/lang/Object;J)V name or signature does not match> (0x00000000eab0d1e8) thrown at [D:\re\workspace\8-2-build-windows-amd64-cygwin\jdk8u25\1677\hotspot\src\share\vm\prims\j

Events (10 events):
Event: 0.230 loading class com/android/dx/dex/file/MethodIdItem
Event: 0.230 loading class com/android/dx/dex/file/MethodIdItem done
Event: 0.230 loading class com/android/dx/dex/file/MemberIdItem
Event: 0.230 loading class com/android/dx/dex/file/MemberIdItem done
Event: 0.230 loading class com/android/dx/dex/file/IdItem
Event: 0.230 loading class com/android/dx/dex/file/IdItem done
Event: 0.234 loading class com/android/dx/ssa/PhiInsn$Operand
Event: 0.234 loading class com/android/dx/ssa/PhiInsn$Operand done
Event: 0.235 loading class com/android/dx/dex/file/TypeIdItem
Event: 0.235 loading class com/android/dx/dex/file/TypeIdItem done


Dynamic libraries:
0x000000013ff20000 - 0x000000013ff54000 	C:\PROGRA~3\Oracle\Java\javapath\java.exe
0x0000000077960000 - 0x0000000077b09000 	C:\Windows\SYSTEM32\ntdll.dll
0x0000000077740000 - 0x000000007785f000 	C:\Windows\system32\kernel32.dll
0x000007fefd7a0000 - 0x000007fefd80c000 	C:\Windows\system32\KERNELBASE.dll
0x000007fefef30000 - 0x000007feff00b000 	C:\Windows\system32\ADVAPI32.dll
0x000007fefee90000 - 0x000007fefef2f000 	C:\Windows\system32\msvcrt.dll
0x000007fefdee0000 - 0x000007fefdeff000 	C:\Windows\SYSTEM32\sechost.dll
0x000007feff010000 - 0x000007feff13d000 	C:\Windows\system32\RPCRT4.dll
0x0000000077860000 - 0x000000007795a000 	C:\Windows\system32\USER32.dll
0x000007feff3e0000 - 0x000007feff447000 	C:\Windows\system32\GDI32.dll
0x000007fefee80000 - 0x000007fefee8e000 	C:\Windows\system32\LPK.dll
0x000007fefdae0000 - 0x000007fefdba9000 	C:\Windows\system32\USP10.dll
0x000007fefbff0000 - 0x000007fefc1e4000 	C:\Windows\WinSxS\amd64_microsoft.windows.common-controls_6595b64144ccf1df_6.0.7601.17514_none_fa396087175ac9ac\COMCTL32.dll
0x000007feff360000 - 0x000007feff3d1000 	C:\Windows\system32\SHLWAPI.dll
0x000007feff9a0000 - 0x000007feff9ce000 	C:\Windows\system32\IMM32.DLL
0x000007fefdfe0000 - 0x000007fefe0e9000 	C:\Windows\system32\MSCTF.dll
0x0000000066720000 - 0x00000000667f2000 	C:\Program Files\Java\jre1.8.0_25\bin\msvcr100.dll
0x000000005dd70000 - 0x000000005e5ca000 	C:\Program Files\Java\jre1.8.0_25\bin\server\jvm.dll
0x000007fef7e60000 - 0x000007fef7e69000 	C:\Windows\system32\WSOCK32.dll
0x000007feff9d0000 - 0x000007feffa1d000 	C:\Windows\system32\WS2_32.dll
0x000007feff350000 - 0x000007feff358000 	C:\Windows\system32\NSI.dll
0x000007fef7240000 - 0x000007fef727b000 	C:\Windows\system32\WINMM.dll
0x0000000077b30000 - 0x0000000077b37000 	C:\Windows\system32\PSAPI.DLL
0x000000006f200000 - 0x000000006f20f000 	C:\Program Files\Java\jre1.8.0_25\bin\verify.dll
0x00000000684e0000 - 0x0000000068508000 	C:\Program Files\Java\jre1.8.0_25\bin\java.dll
0x000000006e4e0000 - 0x000000006e4f6000 	C:\Program Files\Java\jre1.8.0_25\bin\zip.dll
0x000007fefe0f0000 - 0x000007fefee78000 	C:\Windows\system32\SHELL32.dll
0x000007feff140000 - 0x000007feff343000 	C:\Windows\system32\ole32.dll
0x000007fefd720000 - 0x000007fefd72f000 	C:\Windows\system32\profapi.dll
0x000007fef9f50000 - 0x000007fefa075000 	C:\Windows\system32\dbghelp.dll

VM Arguments:
jvm_args: -Xmx1024M -Xss1m -Djava.ext.dirs=C:\Program Files (x86)\Android\android-studio-sdk\build-tools\android-4.4W\lib 
java_command: C:\Program Files (x86)\Android\android-studio-sdk\build-tools\android-4.4W\lib\dx.jar --dex --num-threads 4 --output C:\Users\ERJ\AndroidstudioProjects\LightningDots_Free\app\build\intermediates\dex\debug C:\Users\ERJ\AndroidstudioProjects\LightningDots_Free\app\build\intermediates\classes\debug C:\Users\ERJ\AndroidstudioProjects\LightningDots_Free\app\build\intermediates\dependency-cache\debug C:\Users\ERJ\AndroidstudioProjects\LightningDots_Free\app\build\intermediates\pre-dexed\debug\classes-4dbd93727b53c0ec88c640a28253afc813d08866.jar C:\Users\ERJ\AndroidstudioProjects\LightningDots_Free\app\build\intermediates\pre-dexed\debug\internal_impl-20.0.0-61d7c7e890f9cb029fcf633bd967df5e790d2b8f.jar C:\Users\ERJ\AndroidstudioProjects\LightningDots_Free\app\build\intermediates\pre-dexed\debug\support-annotations-20.0.0-d08c18601038a387de789a11d9cf969413d3a3da.jar
java_class_path (initial): C:\Program Files (x86)\Android\android-studio-sdk\build-tools\android-4.4W\lib\dx.jar
Launcher Type: SUN_STANDARD

Environment Variables:
PATH=C:\ProgramData\Oracle\Java\javapath;C:\Program Files (x86)\NVIDIA Corporation\PhysX\Common;C:\Program Files\Python\Python33\;C:\Python27\Lib\site-packages\PyQt4;C:\Program Files\Common Files\Microsoft Shared\Windows Live;C:\Program Files (x86)\Common Files\Microsoft Shared\Windows Live;C:\texmf\miktex\bin;C:\Windows\system32;C:\Windows;C:\Windows\System32\Wbem;c:\Program Files (x86)\Microsoft SQL Server\100\Tools\Binn\;c:\Program Files (x86)\Microsoft SQL Server\100\DTS\Binn\;C:\Program Files (x86)\Common Files\DivX Shared\;C:\Windows\System32\WindowsPowerShell\v1.0\;C:\Program Files (x86)\Windows Live\Shared;C:\Program Files (x86)\MySQL\MySQL Server 5.5\bin;C:\Program Files (x86)\CMake 2.8\bin;C:\Python27;C:\Python27\DLLs;C:\Python27\Scripts;C:\Python27\Lib\site-packages\vtk;C:\Python27\gnuplot\binary;C:\Python27\Lib\site-packages\osgeo;C:\Program Files (x86)\pythonxy\SciTE-3.2.2-1;C:\Program Files (x86)\pythonxy\console;C:\MinGW32-xy\bin;C:\Program Files (x86)\pythonxy\swig;C:\Program Files (x86)\pythonxy\gettext\bin;C:\QSTK\Bin;C:\Program Files (x86)\QuickTime\QTSystem\
USERNAME=ERJ
OS=Windows_NT
PROCESSOR_IDENTIFIER=Intel64 Family 6 Model 23 Stepping 7, GenuineIntel



---------------  S Y S T E M  ---------------

OS: Windows 7 , 64 bit Build 7601 Service Pack 1

CPU:total 4 (4 cores per cpu, 1 threads per core) family 6 model 23 stepping 7, cmov, cx8, fxsr, mmx, sse, sse2, sse3, ssse3, sse4.1, tsc

Memory: 4k page, physical 16775720k(10309372k free), swap 33549576k(26266080k free)

vm_info: Java HotSpot(TM) 64-Bit Server VM (25.25-b02) for windows-amd64 JRE (1.8.0_25-b18), built on Oct  7 2014 14:25:37 by "java_re" with MS VC++ 10.0 (VS2010)

time: Fri Nov 14 17:47:22 2014
elapsed time: 0 seconds (0d 0h 0m 0s)

