#
# A fatal error has been detected by the Java Runtime Environment:
#
#  EXCEPTION_ACCESS_VIOLATION (0xc0000005) at pc=0xffffffffa3845120, pid=13684, tid=10812
#
# JRE version: Java(TM) SE Runtime Environment (8.0_25-b18) (build 1.8.0_25-b18)
# Java VM: Java HotSpot(TM) 64-Bit Server VM (25.25-b02 mixed mode windows-amd64 compressed oops)
# Problematic frame:
# C  0xffffffffa3845120
#
# Failed to write core dump. Minidumps are not enabled by default on client versions of Windows
#
# If you would like to submit a bug report, please visit:
#   http://bugreport.sun.com/bugreport/crash.jsp
#

---------------  T H R E A D  ---------------

Current thread (0x00000000565c3800):  JavaThread "pool-1-thread-3" [_thread_in_Java, id=10812, stack(0x0000000057650000,0x0000000057750000)]

siginfo: ExceptionCode=0xc0000005, ExceptionInformation=0x0000000000000008 0xffffffffa3845120

Registers:
RAX=0x0000000054a62a58, RBX=0x0000000054a62a58, RCX=0x00000000eb222ba8, RDX=0x00000000eb222ba8
RSP=0x000000005774e828, RBP=0x000000005774e8e0, RSI=0x000000001461e870, RDI=0x0000000054af7b20
R8 =0x0000000000000000, R9 =0x00000000146203b0, R10=0x0000000064ce6260, R11=0x00000000029e2460
R12=0x0000000000000000, R13=0x000000005774e880, R14=0x000000005774e910, R15=0x00000000565c3800
RIP=0xffffffffa3845120, EFLAGS=0x0000000000010206

Top of Stack: (sp=0x000000005774e828)
0x000000005774e828:   00000000029e2534 00000000eb2168a8
0x000000005774e838:   00000000eb228ab0 000000005774e840
0x000000005774e848:   0000000054a96892 000000005774e898
0x000000005774e858:   0000000054a96a48 000000005774e8e0
0x000000005774e868:   0000000002847790 0000000000000000
0x000000005774e878:   0000000002847790 0000000000000000
0x000000005774e888:   00000000eb222ba8 00000000eb20d6b0
0x000000005774e898:   00000000eb038808 000000005774e8a0
0x000000005774e8a8:   0000000054a976db 000000005774e910
0x000000005774e8b8:   0000000054a977c0 0000000000000000
0x000000005774e8c8:   0000000054a97748 000000005774e880
0x000000005774e8d8:   000000005774e920 000000005774ea78
0x000000005774e8e8:   00000000029d8834 00000000eb222ba8
0x000000005774e8f8:   00000000eb20d6b0 00000000eb222bd8
0x000000005774e908:   00000000eb2168a8 00000000eb228ac0
0x000000005774e918:   00000000029d8834 000000005774ea30 

Instructions: (pc=0xffffffffa3845120)
0xffffffffa3845100:   
[error occurred during error reporting (printing registers, top of stack, instructions near pc), id 0xc0000005]

Register to memory mapping:

RAX={method} {0x0000000054a62a60} 'get' '(I)Lcom/android/dx/rop/code/RegisterSpec;' in 'com/android/dx/rop/code/RegisterSpecList'
RBX={method} {0x0000000054a62a60} 'get' '(I)Lcom/android/dx/rop/code/RegisterSpec;' in 'com/android/dx/rop/code/RegisterSpecList'
RCX=0x00000000eb222ba8 is an oop
com.android.dx.rop.code.RegisterSpecList 
 - klass: 'com/android/dx/rop/code/RegisterSpecList'
RDX=0x00000000eb222ba8 is an oop
com.android.dx.rop.code.RegisterSpecList 
 - klass: 'com/android/dx/rop/code/RegisterSpecList'
RSP=0x000000005774e828 is pointing into the stack for thread: 0x00000000565c3800
RBP=0x000000005774e8e0 is pointing into the stack for thread: 0x00000000565c3800
RSI=0x000000001461e870 is pointing into metadata
RDI=0x0000000054af7b20 is pointing into metadata
R8 =0x0000000000000000 is an unknown value
R9 =0x00000000146203b0 is pointing into metadata
R10=0x0000000064ce6260 is an unknown value
R11=0x00000000029e2460 is at entry_point+32 in (nmethod*)0x00000000029e22d0
R12=0x0000000000000000 is an unknown value
R13=0x000000005774e880 is pointing into the stack for thread: 0x00000000565c3800
R14=0x000000005774e910 is pointing into the stack for thread: 0x00000000565c3800
R15=0x00000000565c3800 is a thread


Stack: [0x0000000057650000,0x0000000057750000],  sp=0x000000005774e828,  free space=1018k
Native frames: (J=compiled Java code, j=interpreted, Vv=VM code, C=native code)
C  0xffffffffa3845120


---------------  P R O C E S S  ---------------

Java Threads: ( => current thread )
  0x00000000565af800 JavaThread "pool-1-thread-4" [_thread_in_Java, id=13760, stack(0x0000000057000000,0x0000000057100000)]
=>0x00000000565c3800 JavaThread "pool-1-thread-3" [_thread_in_Java, id=10812, stack(0x0000000057650000,0x0000000057750000)]
  0x00000000565c1000 JavaThread "pool-1-thread-2" [_thread_in_Java, id=13844, stack(0x0000000057460000,0x0000000057560000)]
  0x00000000565c0000 JavaThread "pool-1-thread-1" [_thread_in_Java, id=12080, stack(0x00000000572f0000,0x00000000573f0000)]
  0x0000000054f9f800 JavaThread "Service Thread" daemon [_thread_blocked, id=12904, stack(0x0000000056e70000,0x0000000056f70000)]
  0x00000000564ca000 JavaThread "C1 CompilerThread2" daemon [_thread_blocked, id=12008, stack(0x0000000056be0000,0x0000000056ce0000)]
  0x00000000564c9000 JavaThread "C2 CompilerThread1" daemon [_thread_blocked, id=12560, stack(0x0000000056ce0000,0x0000000056de0000)]
  0x00000000564c3800 JavaThread "C2 CompilerThread0" daemon [_thread_blocked, id=13004, stack(0x00000000568d0000,0x00000000569d0000)]
  0x00000000564c2800 JavaThread "Attach Listener" daemon [_thread_blocked, id=10740, stack(0x0000000056a50000,0x0000000056b50000)]
  0x0000000054f98000 JavaThread "Signal Dispatcher" daemon [_thread_blocked, id=14128, stack(0x00000000562c0000,0x00000000563c0000)]
  0x0000000054f3a000 JavaThread "Finalizer" daemon [_thread_blocked, id=14264, stack(0x00000000563c0000,0x00000000564c0000)]
  0x0000000054f31800 JavaThread "Reference Handler" daemon [_thread_blocked, id=6416, stack(0x0000000056130000,0x0000000056230000)]
  0x000000000049f800 JavaThread "main" [_thread_blocked, id=13776, stack(0x0000000002470000,0x0000000002570000)]

Other Threads:
  0x0000000054f2e000 VMThread [stack: 0x0000000055fa0000,0x00000000560a0000] [id=14296]
  0x000000005653b000 WatcherThread [stack: 0x0000000057100000,0x0000000057200000] [id=13224]

VM state:not at safepoint (normal execution)

VM Mutex/Monitor currently owned by a thread: None

Heap:
 PSYoungGen      total 76288K, used 14423K [0x00000000eab00000, 0x00000000f0000000, 0x0000000100000000)
  eden space 65536K, 22% used [0x00000000eab00000,0x00000000eb915c88,0x00000000eeb00000)
  from space 10752K, 0% used [0x00000000ef580000,0x00000000ef580000,0x00000000f0000000)
  to   space 10752K, 0% used [0x00000000eeb00000,0x00000000eeb00000,0x00000000ef580000)
 ParOldGen       total 175104K, used 0K [0x00000000c0000000, 0x00000000cab00000, 0x00000000eab00000)
  object space 175104K, 0% used [0x00000000c0000000,0x00000000c0000000,0x00000000cab00000)
 Metaspace       used 4761K, capacity 6128K, committed 6272K, reserved 1056768K
  class space    used 555K, capacity 616K, committed 640K, reserved 1048576K

Card table byte_map: [0x0000000011c00000,0x0000000011e10000] byte_map_base: 0x0000000011600000

Marking Bits: (ParMarkBitMap*) 0x0000000064cfd490
 Begin Bits: [0x00000000123a0000, 0x00000000133a0000)
 End Bits:   [0x00000000133a0000, 0x00000000143a0000)

Polling page: 0x0000000000430000

CodeCache: size=245760Kb used=1709Kb max_used=1711Kb free=244051Kb
 bounds [0x0000000002840000, 0x0000000002ab0000, 0x0000000011840000]
 total_blobs=657 nmethods=395 adapters=177
 compilation: enabled

Compilation events (10 events):
Event: 0.380 Thread 0x00000000564ca000  369       1       com.android.dx.ssa.Dominators::access$200 (5 bytes)
Event: 0.380 Thread 0x00000000564ca000 nmethod 369 0x00000000029ec190 code [0x00000000029ec2e0, 0x00000000029ec3d0]
Event: 0.380 Thread 0x00000000564ca000  363       1       com.android.dx.cf.code.BaseMachine::getInitValues (5 bytes)
Event: 0.380 Thread 0x00000000564ca000 nmethod 363 0x00000000029ebed0 code [0x00000000029ec020, 0x00000000029ec130]
Event: 0.380 Thread 0x00000000564ca000  364       1       com.android.dx.cf.code.BaseMachine::getAuxCases (5 bytes)
Event: 0.380 Thread 0x00000000564ca000 nmethod 364 0x00000000029ebc10 code [0x00000000029ebd60, 0x00000000029ebe70]
Event: 0.380 Thread 0x00000000564ca000  386       1       com.android.dx.ssa.SsaRenamer::access$1100 (5 bytes)
Event: 0.380 Thread 0x00000000564ca000 nmethod 386 0x00000000029eb950 code [0x00000000029ebaa0, 0x00000000029ebb90]
Event: 0.380 Thread 0x00000000564ca000  367       1       com.android.dx.rop.type.Prototype::getDescriptor (5 bytes)
Event: 0.380 Thread 0x00000000564ca000 nmethod 367 0x00000000029eb690 code [0x00000000029eb7e0, 0x00000000029eb8f0]

GC Heap History (0 events):
No events

Deoptimization events (0 events):
No events

Internal exceptions (2 events):
Event: 0.028 Thread 0x000000000049f800 Exception <a 'java/lang/NoSuchMethodError': Method sun.misc.Unsafe.defineClass(Ljava/lang/String;[BII)Ljava/lang/Class; name or signature does not match> (0x00000000eab0cf58) thrown at [D:\re\workspace\8-2-build-windows-amd64-cygwin\jdk8u25\1677\hotspot\srª5ô€Dœ?
Event: 0.028 Thread 0x000000000049f800 Exception <a 'java/lang/NoSuchMethodError': Method sun.misc.Unsafe.prefetchRead(Ljava/lang/Object;J)V name or signature does not match> (0x00000000eab0d1e8) thrown at [D:\re\workspace\8-2-build-windows-amd64-cygwin\jdk8u25\1677\hotspot\src\share\vm\prims\j

Events (10 events):
Event: 0.368 loading class com/android/dx/dex/file/MethodIdItem
Event: 0.368 loading class com/android/dx/dex/file/MethodIdItem done
Event: 0.369 loading class com/android/dx/dex/file/MemberIdItem
Event: 0.369 loading class com/android/dx/dex/file/MemberIdItem done
Event: 0.369 loading class com/android/dx/dex/file/IdItem
Event: 0.369 loading class com/android/dx/dex/file/IdItem done
Event: 0.372 loading class com/android/dx/ssa/PhiInsn$Operand
Event: 0.372 loading class com/android/dx/ssa/PhiInsn$Operand done
Event: 0.373 loading class com/android/dx/dex/file/TypeIdItem
Event: 0.373 loading class com/android/dx/dex/file/TypeIdItem done


Dynamic libraries:
0x000000013f8c0000 - 0x000000013f8f4000 	C:\PROGRA~3\Oracle\Java\javapath\java.exe
0x0000000077960000 - 0x0000000077b09000 	C:\Windows\SYSTEM32\ntdll.dll
0x0000000077740000 - 0x000000007785f000 	C:\Windows\system32\kernel32.dll
0x000007fefd7a0000 - 0x000007fefd80c000 	C:\Windows\system32\KERNELBASE.dll
0x000007fefef30000 - 0x000007feff00b000 	C:\Windows\system32\ADVAPI32.dll
0x000007fefee90000 - 0x000007fefef2f000 	C:\Windows\system32\msvcrt.dll
0x000007fefdee0000 - 0x000007fefdeff000 	C:\Windows\SYSTEM32\sechost.dll
0x000007feff010000 - 0x000007feff13d000 	C:\Windows\system32\RPCRT4.dll
0x0000000077860000 - 0x000000007795a000 	C:\Windows\system32\USER32.dll
0x000007feff3e0000 - 0x000007feff447000 	C:\Windows\system32\GDI32.dll
0x000007fefee80000 - 0x000007fefee8e000 	C:\Windows\system32\LPK.dll
0x000007fefdae0000 - 0x000007fefdba9000 	C:\Windows\system32\USP10.dll
0x000007fefbff0000 - 0x000007fefc1e4000 	C:\Windows\WinSxS\amd64_microsoft.windows.common-controls_6595b64144ccf1df_6.0.7601.17514_none_fa396087175ac9ac\COMCTL32.dll
0x000007feff360000 - 0x000007feff3d1000 	C:\Windows\system32\SHLWAPI.dll
0x000007feff9a0000 - 0x000007feff9ce000 	C:\Windows\system32\IMM32.DLL
0x000007fefdfe0000 - 0x000007fefe0e9000 	C:\Windows\system32\MSCTF.dll
0x0000000067ea0000 - 0x0000000067f72000 	C:\Program Files\Java\jre1.8.0_25\bin\msvcr100.dll
0x0000000064520000 - 0x0000000064d7a000 	C:\Program Files\Java\jre1.8.0_25\bin\server\jvm.dll
0x000007fef7e60000 - 0x000007fef7e69000 	C:\Windows\system32\WSOCK32.dll
0x000007feff9d0000 - 0x000007feffa1d000 	C:\Windows\system32\WS2_32.dll
0x000007feff350000 - 0x000007feff358000 	C:\Windows\system32\NSI.dll
0x000007fef7240000 - 0x000007fef727b000 	C:\Windows\system32\WINMM.dll
0x0000000077b30000 - 0x0000000077b37000 	C:\Windows\system32\PSAPI.DLL
0x0000000070870000 - 0x000000007087f000 	C:\Program Files\Java\jre1.8.0_25\bin\verify.dll
0x000000006a130000 - 0x000000006a158000 	C:\Program Files\Java\jre1.8.0_25\bin\java.dll
0x0000000070850000 - 0x0000000070866000 	C:\Program Files\Java\jre1.8.0_25\bin\zip.dll
0x000007fefe0f0000 - 0x000007fefee78000 	C:\Windows\system32\SHELL32.dll
0x000007feff140000 - 0x000007feff343000 	C:\Windows\system32\ole32.dll
0x000007fefd720000 - 0x000007fefd72f000 	C:\Windows\system32\profapi.dll
0x000007fef9f50000 - 0x000007fefa075000 	C:\Windows\system32\dbghelp.dll

VM Arguments:
jvm_args: -Xmx1024M -Xss1m -Djava.ext.dirs=C:\Program Files (x86)\Android\android-studio-sdk\build-tools\android-4.4W\lib 
java_command: C:\Program Files (x86)\Android\android-studio-sdk\build-tools\android-4.4W\lib\dx.jar --dex --num-threads 4 --output C:\Users\ERJ\AndroidstudioProjects\LightningDots_Free\app\build\intermediates\dex\debug C:\Users\ERJ\AndroidstudioProjects\LightningDots_Free\app\build\intermediates\classes\debug C:\Users\ERJ\AndroidstudioProjects\LightningDots_Free\app\build\intermediates\dependency-cache\debug C:\Users\ERJ\AndroidstudioProjects\LightningDots_Free\app\build\intermediates\pre-dexed\debug\classes-4dbd93727b53c0ec88c640a28253afc813d08866.jar C:\Users\ERJ\AndroidstudioProjects\LightningDots_Free\app\build\intermediates\pre-dexed\debug\internal_impl-20.0.0-61d7c7e890f9cb029fcf633bd967df5e790d2b8f.jar C:\Users\ERJ\AndroidstudioProjects\LightningDots_Free\app\build\intermediates\pre-dexed\debug\support-annotations-20.0.0-d08c18601038a387de789a11d9cf969413d3a3da.jar
java_class_path (initial): C:\Program Files (x86)\Android\android-studio-sdk\build-tools\android-4.4W\lib\dx.jar
Launcher Type: SUN_STANDARD

Environment Variables:
PATH=C:\ProgramData\Oracle\Java\javapath;C:\Program Files (x86)\NVIDIA Corporation\PhysX\Common;C:\Program Files\Python\Python33\;C:\Python27\Lib\site-packages\PyQt4;C:\Program Files\Common Files\Microsoft Shared\Windows Live;C:\Program Files (x86)\Common Files\Microsoft Shared\Windows Live;C:\texmf\miktex\bin;C:\Windows\system32;C:\Windows;C:\Windows\System32\Wbem;c:\Program Files (x86)\Microsoft SQL Server\100\Tools\Binn\;c:\Program Files (x86)\Microsoft SQL Server\100\DTS\Binn\;C:\Program Files (x86)\Common Files\DivX Shared\;C:\Windows\System32\WindowsPowerShell\v1.0\;C:\Program Files (x86)\Windows Live\Shared;C:\Program Files (x86)\MySQL\MySQL Server 5.5\bin;C:\Program Files (x86)\CMake 2.8\bin;C:\Python27;C:\Python27\DLLs;C:\Python27\Scripts;C:\Python27\Lib\site-packages\vtk;C:\Python27\gnuplot\binary;C:\Python27\Lib\site-packages\osgeo;C:\Program Files (x86)\pythonxy\SciTE-3.2.2-1;C:\Program Files (x86)\pythonxy\console;C:\MinGW32-xy\bin;C:\Program Files (x86)\pythonxy\swig;C:\Program Files (x86)\pythonxy\gettext\bin;C:\QSTK\Bin;C:\Program Files (x86)\QuickTime\QTSystem\
USERNAME=ERJ
OS=Windows_NT
PROCESSOR_IDENTIFIER=Intel64 Family 6 Model 23 Stepping 7, GenuineIntel



---------------  S Y S T E M  ---------------

OS: Windows 7 , 64 bit Build 7601 Service Pack 1

CPU:total 4 (4 cores per cpu, 1 threads per core) family 6 model 23 stepping 7, cmov, cx8, fxsr, mmx, sse, sse2, sse3, ssse3, sse4.1, tsc

Memory: 4k page, physical 16775720k(10945144k free), swap 33549576k(27317352k free)

vm_info: Java HotSpot(TM) 64-Bit Server VM (25.25-b02) for windows-amd64 JRE (1.8.0_25-b18), built on Oct  7 2014 14:25:37 by "java_re" with MS VC++ 10.0 (VS2010)

time: Wed Nov 12 20:03:00 2014
elapsed time: 0 seconds (0d 0h 0m 0s)

