#
# A fatal error has been detected by the Java Runtime Environment:
#
#  EXCEPTION_ACCESS_VIOLATION (0xc0000005) at pc=0xffffffffa34e5120, pid=714604, tid=714524
#
# JRE version: Java(TM) SE Runtime Environment (8.0_25-b18) (build 1.8.0_25-b18)
# Java VM: Java HotSpot(TM) 64-Bit Server VM (25.25-b02 mixed mode windows-amd64 compressed oops)
# Problematic frame:
# C  0xffffffffa34e5120
#
# Failed to write core dump. Minidumps are not enabled by default on client versions of Windows
#
# If you would like to submit a bug report, please visit:
#   http://bugreport.sun.com/bugreport/crash.jsp
#

---------------  T H R E A D  ---------------

Current thread (0x0000000001eef800):  JavaThread "main" [_thread_in_Java, id=714524, stack(0x0000000002110000,0x0000000002210000)]

siginfo: ExceptionCode=0xc0000005, ExceptionInformation=0x0000000000000008 0xffffffffa34e5120

Registers:
RAX=0x00000000ece87350, RBX=0x0000000000000000, RCX=0x000000000008f514, RDX=0x00000000ece87350
RSP=0x000000000220ede8, RBP=0x00000000ece87350, RSI=0x0000000000000000, RDI=0x00000000ece87320
R8 =0x00000000ec3eefd0, R9 =0x00000000ebea1358, R10=0x0000000000000001, R11=0x00000000ffffffff
R12=0x0000000000000000, R13=0x00000000ec3ff128, R14=0x00000000000328e4, R15=0x0000000001eef800
RIP=0xffffffffa34e5120, EFLAGS=0x0000000000010246

Top of Stack: (sp=0x000000000220ede8)
0x000000000220ede8:   0000000002a63da4 00000000ece86b30
0x000000000220edf8:   000000000002bad0 00000000ec3eefd0
0x000000000220ee08:   0000000000000019 0000000000003ae8
0x000000000220ee18:   00000000ece87260 0000000000000000
0x000000000220ee28:   00000000ece82700 000000000220f0b8
0x000000000220ee38:   00000000029fed14 000000000220f0b8
0x000000000220ee48:   00000000029fc5cc 000000000220f0b8
0x000000000220ee58:   00000000029fd844 00000000ece11938
0x000000000220ee68:   00000000000536a5 000000000220f0b8
0x000000000220ee78:   0000000002a437dc ffffffffffffffff
0x000000000220ee88:   00000000547d5d70 0000000000000270
0x000000000220ee98:   0000000000000001 00000000ece872a0
0x000000000220eea8:   00000000ec3ef550 00000000ece872b8
0x000000000220eeb8:   00000000ec3eefd0 00000000ec3f3fb8
0x000000000220eec8:   000004750000058d 00000000ec3ff178
0x000000000220eed8:   00000000ec3f3fb8 00000000ece87290 

Instructions: (pc=0xffffffffa34e5120)
0xffffffffa34e5100:   
[error occurred during error reporting (printing registers, top of stack, instructions near pc), id 0xc0000005]

Register to memory mapping:

RAX=0x00000000ece87350 is an oop
com.android.dex.Dex$Section 
 - klass: 'com/android/dex/Dex$Section'
RBX=0x0000000000000000 is an unknown value
RCX=0x000000000008f514 is an unknown value
RDX=0x00000000ece87350 is an oop
com.android.dex.Dex$Section 
 - klass: 'com/android/dex/Dex$Section'
RSP=0x000000000220ede8 is pointing into the stack for thread: 0x0000000001eef800
RBP=0x00000000ece87350 is an oop
com.android.dex.Dex$Section 
 - klass: 'com/android/dex/Dex$Section'
RSI=0x0000000000000000 is an unknown value
RDI=0x00000000ece87320 is an oop
java.nio.HeapByteBuffer 
 - klass: 'java/nio/HeapByteBuffer'
R8 =0x00000000ec3eefd0 is an oop
com.android.dex.Dex 
 - klass: 'com/android/dex/Dex'
R9 =0x00000000ebea1358 is an oop
java.lang.String 
 - klass: 'java/lang/String'
R10=0x0000000000000001 is an unknown value
R11=0x00000000ffffffff is an unallocated location in the heap
R12=0x0000000000000000 is an unknown value
R13=0x00000000ec3ff128 is an oop
com.android.dex.Dex$Section 
 - klass: 'com/android/dex/Dex$Section'
R14=0x00000000000328e4 is an unknown value
R15=0x0000000001eef800 is a thread


Stack: [0x0000000002110000,0x0000000002210000],  sp=0x000000000220ede8,  free space=1019k
Native frames: (J=compiled Java code, j=interpreted, Vv=VM code, C=native code)
C  0xffffffffa34e5120


---------------  P R O C E S S  ---------------

Java Threads: ( => current thread )
  0x000000005629a800 JavaThread "Service Thread" daemon [_thread_blocked, id=714496, stack(0x0000000056cf0000,0x0000000056df0000)]
  0x000000005622a800 JavaThread "C1 CompilerThread2" daemon [_thread_blocked, id=712848, stack(0x0000000056ab0000,0x0000000056bb0000)]
  0x0000000056229800 JavaThread "C2 CompilerThread1" daemon [_thread_blocked, id=714480, stack(0x0000000055db0000,0x0000000055eb0000)]
  0x0000000056224000 JavaThread "C2 CompilerThread0" daemon [_thread_blocked, id=714484, stack(0x0000000056930000,0x0000000056a30000)]
  0x0000000056222800 JavaThread "Attach Listener" daemon [_thread_blocked, id=714508, stack(0x00000000567c0000,0x00000000568c0000)]
  0x0000000054bf8800 JavaThread "Signal Dispatcher" daemon [_thread_blocked, id=714308, stack(0x0000000056650000,0x0000000056750000)]
  0x0000000054b99000 JavaThread "Finalizer" daemon [_thread_blocked, id=713444, stack(0x0000000056120000,0x0000000056220000)]
  0x0000000054b90000 JavaThread "Reference Handler" daemon [_thread_blocked, id=712180, stack(0x0000000055eb0000,0x0000000055fb0000)]
=>0x0000000001eef800 JavaThread "main" [_thread_in_Java, id=714524, stack(0x0000000002110000,0x0000000002210000)]

Other Threads:
  0x0000000054b8c800 VMThread [stack: 0x0000000055cb0000,0x0000000055db0000] [id=710928]
  0x000000005629c000 WatcherThread [stack: 0x0000000056ee0000,0x0000000056fe0000] [id=712404]

VM state:not at safepoint (normal execution)

VM Mutex/Monitor currently owned by a thread: None

Heap:
 PSYoungGen      total 76288K, used 37191K [0x00000000eab00000, 0x00000000f0000000, 0x0000000100000000)
  eden space 65536K, 56% used [0x00000000eab00000,0x00000000ecf51cb8,0x00000000eeb00000)
  from space 10752K, 0% used [0x00000000ef580000,0x00000000ef580000,0x00000000f0000000)
  to   space 10752K, 0% used [0x00000000eeb00000,0x00000000eeb00000,0x00000000ef580000)
 ParOldGen       total 175104K, used 0K [0x00000000c0000000, 0x00000000cab00000, 0x00000000eab00000)
  object space 175104K, 0% used [0x00000000c0000000,0x00000000c0000000,0x00000000cab00000)
 Metaspace       used 6155K, capacity 7124K, committed 7424K, reserved 1056768K
  class space    used 646K, capacity 652K, committed 768K, reserved 1048576K

Card table byte_map: [0x00000000118a0000,0x0000000011ab0000] byte_map_base: 0x00000000112a0000

Marking Bits: (ParMarkBitMap*) 0x000000006ff3d490
 Begin Bits: [0x0000000012000000, 0x0000000013000000)
 End Bits:   [0x0000000013000000, 0x0000000014000000)

Polling page: 0x0000000000230000

CodeCache: size=245760Kb used=5707Kb max_used=5725Kb free=240052Kb
 bounds [0x00000000024e0000, 0x0000000002a90000, 0x00000000114e0000]
 total_blobs=1997 nmethods=1716 adapters=196
 compilation: enabled

Compilation events (10 events):
Event: 1.278 Thread 0x0000000056229800 1709       4       com.android.dx.io.instructions.InstructionCodec::decodeRegisterList (265 bytes)
Event: 1.286 Thread 0x0000000056229800 nmethod 1709 0x0000000002a70dd0 code [0x0000000002a70f80, 0x0000000002a71798]
Event: 1.286 Thread 0x0000000056229800 1710       4       com.android.dx.io.instructions.InstructionCodec$25::decode (7 bytes)
Event: 1.286 Thread 0x0000000056229800 nmethod 1710 0x0000000002a72450 code [0x0000000002a725a0, 0x0000000002a72608]
Event: 1.286 Thread 0x0000000056229800 1695       4       java.nio.ByteBuffer::order (48 bytes)
Event: 1.287 Thread 0x0000000056229800 nmethod 1695 0x00000000029ffa90 code [0x00000000029ffbc0, 0x00000000029ffc38]
Event: 1.287 Thread 0x0000000056229800 1706       4       com.android.dx.io.instructions.InstructionCodec$3::decode (35 bytes)
Event: 1.288 Thread 0x0000000056229800 nmethod 1706 0x0000000002a72150 code [0x0000000002a722a0, 0x0000000002a723b8]
Event: 1.288 Thread 0x0000000056229800 1581       4       java.nio.HeapByteBuffer::put (54 bytes)
Event: 1.289 Thread 0x0000000056229800 nmethod 1581 0x0000000002a70950 code [0x0000000002a70aa0, 0x0000000002a70c58]

GC Heap History (0 events):
No events

Deoptimization events (10 events):
Event: 0.458 Thread 0x0000000001eef800 Uncommon trap: reason=bimorphic action=maybe_recompile pc=0x00000000026c0cc4 method=java.util.HashMap.getNode(ILjava/lang/Object;)Ljava/util/HashMap$Node; @ 126
Event: 0.458 Thread 0x0000000001eef800 Uncommon trap: reason=bimorphic action=maybe_recompile pc=0x00000000026c4f28 method=java.util.HashMap.getNode(ILjava/lang/Object;)Ljava/util/HashMap$Node; @ 126
Event: 1.043 Thread 0x0000000001eef800 Uncommon trap: reason=class_check action=maybe_recompile pc=0x00000000028962c4 method=java.util.HashMap.putVal(ILjava/lang/Object;Ljava/lang/Object;ZZ)Ljava/lang/Object; @ 56
Event: 1.043 Thread 0x0000000001eef800 Uncommon trap: reason=class_check action=maybe_recompile pc=0x0000000002896354 method=java.util.HashMap.putVal(ILjava/lang/Object;Ljava/lang/Object;ZZ)Ljava/lang/Object; @ 152
Event: 1.044 Thread 0x0000000001eef800 Uncommon trap: reason=class_check action=maybe_recompile pc=0x00000000028962c4 method=java.util.HashMap.putVal(ILjava/lang/Object;Ljava/lang/Object;ZZ)Ljava/lang/Object; @ 56
Event: 1.044 Thread 0x0000000001eef800 Uncommon trap: reason=class_check action=maybe_recompile pc=0x00000000028962c4 method=java.util.HashMap.putVal(ILjava/lang/Object;Ljava/lang/Object;ZZ)Ljava/lang/Object; @ 56
Event: 1.163 Thread 0x0000000001eef800 Uncommon trap: reason=predicate action=maybe_recompile pc=0x00000000029af540 method=com.android.dex.Leb128.readUnsignedLeb128(Lcom/android/dex/util/ByteInput;)I @ 41
Event: 1.218 Thread 0x0000000001eef800 Uncommon trap: reason=unreached action=reinterpret pc=0x0000000002928d08 method=java.util.HashMap.putVal(ILjava/lang/Object;Ljava/lang/Object;ZZ)Ljava/lang/Object; @ 109
Event: 1.231 Thread 0x0000000001eef800 Uncommon trap: reason=unreached action=reinterpret pc=0x0000000002840d88 method=java.util.HashMap.getNode(ILjava/lang/Object;)Ljava/util/HashMap$Node; @ 84
Event: 1.232 Thread 0x0000000001eef800 Uncommon trap: reason=unreached action=reinterpret pc=0x000000000284931c method=java.util.HashMap.getNode(ILjava/lang/Object;)Ljava/util/HashMap$Node; @ 84

Internal exceptions (2 events):
Event: 0.028 Thread 0x0000000001eef800 Exception <a 'java/lang/NoSuchMethodError': Method sun.misc.Unsafe.defineClass(Ljava/lang/String;[BII)Ljava/lang/Class; name or signature does not match> (0x00000000eab0ce88) thrown at [D:\re\workspace\8-2-build-windows-amd64-cygwin\jdk8u25\1677\hotspot\srÏH;ÉZﬂú?
Event: 0.028 Thread 0x0000000001eef800 Exception <a 'java/lang/NoSuchMethodError': Method sun.misc.Unsafe.prefetchRead(Ljava/lang/Object;J)V name or signature does not match> (0x00000000eab0d118) thrown at [D:\re\workspace\8-2-build-windows-amd64-cygwin\jdk8u25\1677\hotspot\src\share\vm\prims\j

Events (10 events):
Event: 1.263 Thread 0x0000000001eef800 DEOPT PACKING pc=0x000000000299e65d sp=0x000000000220ed00
Event: 1.263 Thread 0x0000000001eef800 DEOPT UNPACKING pc=0x00000000025271bf sp=0x000000000220ea30 mode 0
Event: 1.265 Thread 0x0000000001eef800 DEOPT PACKING pc=0x00000000029e553e sp=0x000000000220ed10
Event: 1.265 Thread 0x0000000001eef800 DEOPT UNPACKING pc=0x00000000025271bf sp=0x000000000220ea30 mode 0
Event: 1.266 Thread 0x0000000001eef800 DEOPT PACKING pc=0x000000000299e65d sp=0x000000000220ed00
Event: 1.266 Thread 0x0000000001eef800 DEOPT UNPACKING pc=0x00000000025271bf sp=0x000000000220ea30 mode 0
Event: 1.268 Thread 0x0000000001eef800 DEOPT PACKING pc=0x00000000029e553e sp=0x000000000220ed10
Event: 1.268 Thread 0x0000000001eef800 DEOPT UNPACKING pc=0x00000000025271bf sp=0x000000000220ea30 mode 0
Event: 1.269 loading class com/android/dex/Dex$1
Event: 1.269 loading class com/android/dex/Dex$1 done


Dynamic libraries:
0x000000013f2b0000 - 0x000000013f2e4000 	C:\PROGRA~3\Oracle\Java\javapath\java.exe
0x0000000076e60000 - 0x0000000077009000 	C:\Windows\SYSTEM32\ntdll.dll
0x0000000076d40000 - 0x0000000076e5f000 	C:\Windows\system32\kernel32.dll
0x000007fefcc50000 - 0x000007fefccbc000 	C:\Windows\system32\KERNELBASE.dll
0x000007fefdc80000 - 0x000007fefdd5b000 	C:\Windows\system32\ADVAPI32.dll
0x000007fefd1f0000 - 0x000007fefd28f000 	C:\Windows\system32\msvcrt.dll
0x000007fefe140000 - 0x000007fefe15f000 	C:\Windows\SYSTEM32\sechost.dll
0x000007fefdd70000 - 0x000007fefde9d000 	C:\Windows\system32\RPCRT4.dll
0x0000000076c40000 - 0x0000000076d3a000 	C:\Windows\system32\USER32.dll
0x000007fefdb90000 - 0x000007fefdbf7000 	C:\Windows\system32\GDI32.dll
0x000007fefdd60000 - 0x000007fefdd6e000 	C:\Windows\system32\LPK.dll
0x000007fefdea0000 - 0x000007fefdf69000 	C:\Windows\system32\USP10.dll
0x000007fefb4f0000 - 0x000007fefb6e4000 	C:\Windows\WinSxS\amd64_microsoft.windows.common-controls_6595b64144ccf1df_6.0.7601.17514_none_fa396087175ac9ac\COMCTL32.dll
0x000007fefe010000 - 0x000007fefe081000 	C:\Windows\system32\SHLWAPI.dll
0x000007fefdc00000 - 0x000007fefdc2e000 	C:\Windows\system32\IMM32.DLL
0x000007fefd290000 - 0x000007fefd399000 	C:\Windows\system32\MSCTF.dll
0x00000000678b0000 - 0x0000000067982000 	C:\Program Files\Java\jre1.8.0_25\bin\msvcr100.dll
0x000000006f760000 - 0x000000006ffba000 	C:\Program Files\Java\jre1.8.0_25\bin\server\jvm.dll
0x000007fef70e0000 - 0x000007fef70e9000 	C:\Windows\system32\WSOCK32.dll
0x000007fefdc30000 - 0x000007fefdc7d000 	C:\Windows\system32\WS2_32.dll
0x000007fefe130000 - 0x000007fefe138000 	C:\Windows\system32\NSI.dll
0x000007fef9a00000 - 0x000007fef9a3b000 	C:\Windows\system32\WINMM.dll
0x0000000077020000 - 0x0000000077027000 	C:\Windows\system32\PSAPI.DLL
0x000000006e270000 - 0x000000006e27f000 	C:\Program Files\Java\jre1.8.0_25\bin\verify.dll
0x000000006e1b0000 - 0x000000006e1d8000 	C:\Program Files\Java\jre1.8.0_25\bin\java.dll
0x000000006dc50000 - 0x000000006dc66000 	C:\Program Files\Java\jre1.8.0_25\bin\zip.dll
0x000007fefe160000 - 0x000007fefeee8000 	C:\Windows\system32\SHELL32.dll
0x000007fefcfe0000 - 0x000007fefd1e3000 	C:\Windows\system32\ole32.dll
0x000007fefcc20000 - 0x000007fefcc2f000 	C:\Windows\system32\profapi.dll
0x000007fef0440000 - 0x000007fef0565000 	C:\Windows\system32\dbghelp.dll

VM Arguments:
jvm_args: -Xmx1024M -Xss1m -Djava.ext.dirs=C:\Program Files (x86)\Android\android-studio-sdk\build-tools\android-4.4W\lib 
java_command: C:\Program Files (x86)\Android\android-studio-sdk\build-tools\android-4.4W\lib\dx.jar --dex --no-optimize --output C:\Users\ERJ\AndroidstudioProjects\LightningDots_Free\app\build\intermediates\dex\debug C:\Users\ERJ\AndroidstudioProjects\LightningDots_Free\app\build\intermediates\classes\debug C:\Users\ERJ\AndroidstudioProjects\LightningDots_Free\app\build\intermediates\pre-dexed\debug\support-annotations-20.0.0-d08c18601038a387de789a11d9cf969413d3a3da.jar C:\Users\ERJ\AndroidstudioProjects\LightningDots_Free\app\build\intermediates\pre-dexed\debug\internal_impl-20.0.0-61d7c7e890f9cb029fcf633bd967df5e790d2b8f.jar C:\Users\ERJ\AndroidstudioProjects\LightningDots_Free\app\build\intermediates\pre-dexed\debug\classes-4dbd93727b53c0ec88c640a28253afc813d08866.jar
java_class_path (initial): C:\Program Files (x86)\Android\android-studio-sdk\build-tools\android-4.4W\lib\dx.jar
Launcher Type: SUN_STANDARD

Environment Variables:
PATH=C:\ProgramData\Oracle\Java\javapath;C:\Program Files (x86)\NVIDIA Corporation\PhysX\Common;C:\Program Files\Python\Python33\;C:\Python27\Lib\site-packages\PyQt4;C:\Program Files\Common Files\Microsoft Shared\Windows Live;C:\Program Files (x86)\Common Files\Microsoft Shared\Windows Live;C:\texmf\miktex\bin;C:\Windows\system32;C:\Windows;C:\Windows\System32\Wbem;c:\Program Files (x86)\Microsoft SQL Server\100\Tools\Binn\;c:\Program Files (x86)\Microsoft SQL Server\100\DTS\Binn\;C:\Program Files (x86)\Common Files\DivX Shared\;C:\Windows\System32\WindowsPowerShell\v1.0\;C:\Program Files (x86)\Windows Live\Shared;C:\Program Files (x86)\MySQL\MySQL Server 5.5\bin;C:\Program Files (x86)\CMake 2.8\bin;C:\Python27;C:\Python27\DLLs;C:\Python27\Scripts;C:\Python27\Lib\site-packages\vtk;C:\Python27\gnuplot\binary;C:\Python27\Lib\site-packages\osgeo;C:\Program Files (x86)\pythonxy\SciTE-3.2.2-1;C:\Program Files (x86)\pythonxy\console;C:\MinGW32-xy\bin;C:\Program Files (x86)\pythonxy\swig;C:\Program Files (x86)\pythonxy\gettext\bin;C:\QSTK\Bin;C:\Program Files (x86)\QuickTime\QTSystem\
USERNAME=ERJ
OS=Windows_NT
PROCESSOR_IDENTIFIER=Intel64 Family 6 Model 23 Stepping 7, GenuineIntel



---------------  S Y S T E M  ---------------

OS: Windows 7 , 64 bit Build 7601 Service Pack 1

CPU:total 4 (4 cores per cpu, 1 threads per core) family 6 model 23 stepping 7, cmov, cx8, fxsr, mmx, sse, sse2, sse3, ssse3, sse4.1, tsc

Memory: 4k page, physical 16775720k(6329520k free), swap 33549576k(22465076k free)

vm_info: Java HotSpot(TM) 64-Bit Server VM (25.25-b02) for windows-amd64 JRE (1.8.0_25-b18), built on Oct  7 2014 14:25:37 by "java_re" with MS VC++ 10.0 (VS2010)

time: Wed Dec 24 23:28:05 2014
elapsed time: 1 seconds (0d 0h 0m 1s)

